<?xml version="1.0" encoding="UTF-8"?>
<!-- Generated by org.testng.reporters.JUnitXMLReporter -->
<testsuite hostname="Almahmud" ignored="0" name="TestingFacebook" tests="7" failures="0" timestamp="11 Jun 2017 14:20:49 GMT" time="213.376" errors="0">
  <testcase name="openBrowser" time="13.571" classname="TestNG.TestingFacebook"/>
  <testcase name="openBrowser" time="14.787" classname="TestNG.TestingW3Schools"/>
  <testcase name="openBrowser" time="35.958" classname="TestNG.TestingSitebeam"/>
  <testcase name="loginTOFacebook" time="16.416" classname="TestNG.TestingFacebook"/>
  <testcase name="viewColors" time="15.695" classname="TestNG.TestingW3Schools"/>
  <testcase name="viewTutorials" time="39.084" classname="TestNG.TestingW3Schools"/>
  <testcase name="test" time="51.86" classname="TestNG.TestingSitebeam"/>
</testsuite> <!-- TestingFacebook -->
